Start testing: Jan 03 23:35 CET
----------------------------------------------------------
1/1 Testing: test_matching
1/1 Test: test_matching
Command: "/home/mikolaj/Desktop/projects/matching-engine/build/test_matching"
Directory: /home/mikolaj/Desktop/projects/matching-engine/build
"test_matching" start time: Jan 03 23:35 CET
Output:
----------------------------------------------------------
All matching tests passed.
<end of output>
Test time =   0.00 sec
----------------------------------------------------------
Test Passed.
"test_matching" end time: Jan 03 23:35 CET
"test_matching" time elapsed: 00:00:00
----------------------------------------------------------

End testing: Jan 03 23:35 CET
